2025-03-21 18:34:36:3436 [32minfo[39m: [32mConnected to MongoDB[39m
2025-03-21 18:34:36:3436 [32minfo[39m: [32mConnected to MongoDB[39m
2025-03-21 18:34:36:3436 [32minfo[39m: [32mServer running at http://localhost:3000[39m
2025-03-21 18:34:36:3436 [32minfo[39m: [32mAvailable endpoints:[39m
2025-03-21 18:34:36:3436 [32minfo[39m: [32m  GET /health[39m
2025-03-21 18:34:36:3436 [32minfo[39m: [32m  POST /extract[39m
2025-03-21 18:34:36:3436 [32minfo[39m: [32m  POST /transform[39m
2025-03-21 18:34:36:3436 [32minfo[39m: [32m  POST /load[39m
2025-03-21 18:34:36:3436 [32minfo[39m: [32m  POST /orchestrate[39m
2025-03-21 18:37:48:3748 [32minfo[39m: [32mGET /[39m
2025-03-21 19:17:08:178 [32minfo[39m: [32mConnected to MongoDB[39m
2025-03-21 19:17:08:178 [32minfo[39m: [32mConnected to MongoDB[39m
2025-03-21 19:17:08:178 [32minfo[39m: [32mServer running at http://localhost:3000[39m
2025-03-21 19:17:08:178 [32minfo[39m: [32mAvailable endpoints:[39m
2025-03-21 19:17:08:178 [32minfo[39m: [32m  GET /health[39m
2025-03-21 19:17:08:178 [32minfo[39m: [32m  POST /extract[39m
2025-03-21 19:17:08:178 [32minfo[39m: [32m  POST /transform[39m
2025-03-21 19:17:08:178 [32minfo[39m: [32m  POST /load[39m
2025-03-21 19:17:08:178 [32minfo[39m: [32m  POST /orchestrate[39m
2025-03-21 19:17:22:1722 [32minfo[39m: [32mGET /[39m
2025-03-26 13:46:35:4635 [32minfo[39m: [32mConnected to MongoDB[39m
2025-03-26 13:46:35:4635 [32minfo[39m: [32mConnected to MongoDB[39m
2025-03-26 13:46:35:4635 [32minfo[39m: [32mServer running at http://localhost:3000[39m
2025-03-26 13:46:35:4635 [32minfo[39m: [32mAvailable endpoints:[39m
2025-03-26 13:46:35:4635 [32minfo[39m: [32m  GET /health[39m
2025-03-26 13:46:35:4635 [32minfo[39m: [32m  POST /extract[39m
2025-03-26 13:46:35:4635 [32minfo[39m: [32m  POST /transform[39m
2025-03-26 13:46:35:4635 [32minfo[39m: [32m  POST /load[39m
2025-03-26 13:46:35:4635 [32minfo[39m: [32m  POST /orchestrate[39m
2025-03-26 13:46:50:4650 [32minfo[39m: [32mGET /[39m
2025-03-26 13:46:50:4650 [32minfo[39m: [32mGET /favicon.ico[39m
2025-03-26 13:47:22:4722 [32minfo[39m: [32mSIGINT received, shutting down gracefully[39m
